[10.05.2021-20:13:03] [my name is cool]
[10.05.2021-20:13:19] [my name is cool]
[10.05.2021-20:14:06] [my name is cool]
[10.05.2021-20:14:33] [my name is cool]
[10.05.2021-20:14:37] [my name is cool]
[10.05.2021-20:14:41] [my name is cool]
[10.05.2021-20:14:46] [my name is cool]
[10.05.2021-20:14:56] [my name is cool]
[10.05.2021-20:15:03] [salutare]
[10.05.2021-20:15:47] [salutare]
[10.05.2021-20:16:40] [google search]
[10.05.2021-20:16:43] [something interestnig]
[10.05.2021-20:19:52] [something interestnig]
[10.05.2021-20:19:55] [something interestnigASDASD]
[10.05.2021-20:20:11] [something interestnigASDASD]
[10.05.2021-20:20:16] [something interestnigASDASDASDASD]
[10.05.2021-20:22:34] [something interestnigASDASDASDASD]
[10.05.2021-20:22:52] [something interestnigASDASDASDASD]
[10.05.2021-20:23:07] [something interestnigASDASDASDASD]
[10.05.2021-20:23:38] [how to do something in bash]
[10.05.2021-20:29:39] [something]
[10.05.2021-20:34:22] [pwd without \n at tend]
[10.05.2021-20:34:26] [pwd without \n at end]
[11.05.2021-13:00:36] [rm everything except something linux]
[11.05.2021-13:06:32] [extract input from read]
[11.05.2021-13:10:34] [if or bash]
[11.05.2021-14:12:31] [chmod u meaning]
[11.05.2021-14:50:49] [print colored text in read bash]
[11.05.2021-14:52:16] [print colored text in read function bash]
[11.05.2021-13:39:16] [new saerch on google]
[11.05.2021-13:51:35] [not bad]
[11.05.2021-13:51:48] [absolut tot fontul este monaaco]
[11.05.2021-13:53:39] [control f4 doesnt close tab in brave manjaro]
[11.05.2021-14:11:12] [find terminal keyboard shortcuts xfce]
[11.05.2021-14:49:15] [asd]
[11.05.2021-14:49:27] [asd]
[12.05.2021-03:14:31] [change time region in manjaro]
[12.05.2021-10:30:42] [ubuntu base applications font]
[12.05.2021-10:30:42] [change time region in manjaro]
[12.05.2021-10:31:56] [ubuntu base applications font]
[12.05.2021-10:32:01] [nmew tab]
[12.05.2021-10:32:09] [salutare si bine te am gasit la un nou episod]
[12.05.2021-10:32:31] [what font family uses ubuntu 20]
[12.05.2021-10:47:51] [save current xfce]
[12.05.2021-11:25:47] [export xfce window manager keyboard shorucuts settings]
[12.05.2021-11:29:56] [ubuntu font]
[12.05.2021-11:38:05] [disable window borders xfce manjaro]
[12.05.2021-12:06:30] [export xfce window manager keyboard shorucuts settings]
[12.05.2021-12:06:30] [disable window borders xfce manjaro]
[12.05.2021-12:11:19] [export xfce window manager keyboard shorucuts settings]
[12.05.2021-12:11:24] [export xfce window manager keyboard shorucuts settings]
[12.05.2021-12:40:31] [export xfce window manager keyboard shorucuts settings]
[12.05.2021-12:41:28] [asd]
[12.05.2021-12:41:55] [open xfce]
[12.05.2021-13:57:19] []
[12.05.2021-14:02:32] [warn before closing tabs xfce terminal]
[12.05.2021-14:07:07] [set color of xfce terminal tab from command]
[12.05.2021-14:07:42] [set color of xfce terminal tab]
[12.05.2021-14:07:50] [set color of xfce terminal active tab from cmd]
[12.05.2021-14:19:51] [ufo test]
[12.05.2021-14:33:44] [remove borders from all applications xfce]
[12.05.2021-14:55:30] [bring back toolbar of thunar xfce]
[12.05.2021-15:18:07] [disable animations manjaro xfce]
[12.05.2021-15:35:50] [asd]
[12.05.2021-15:50:36] [how to make your own xfce4]
[12.05.2021-15:51:09] [ram usage xfce planel plugin]
[12.05.2021-16:09:52] [how to set photo of whisker menu]
[12.05.2021-16:10:13] [how to set photo of whisker menu manjaro]
[12.05.2021-17:13:23] [microsoft todo]
[12.05.2021-17:24:42] [/vala]
[12.05.2021-17:24:46] [vala]
[12.05.2021-17:25:55] [vala]
[12.05.2021-17:29:24] [best system font for manjaro]
[12.05.2021-18:37:05] [connect(2) call to /dev/shm/jack]
[12.05.2021-18:39:24] [ALSA lib pcm.c:2660:(snd_pcm_open_noupdate) Unknown PCM cards.pcm.rear]
[12.05.2021-18:50:15] [why recording viode with cv2 is too fast]
[12.05.2021-18:50:52] [why recording viode with cv2 is too fast]
[12.05.2021-18:50:56] [why recording viode with cv2 is too fast python]
[12.05.2021-18:54:54] [video playback too fast recording with python cv2]
[12.05.2021-18:56:58] [record video with cv2]
[12.05.2021-18:58:17] [record video with cv2 and save to file]
[12.05.2021-18:58:20] [record video with cv2 and save to file python]
[12.05.2021-19:03:52] [record video with cv2 and save to file python linux]
[12.05.2021-19:29:55] [record audio with pyaudio linux]
[12.05.2021-19:30:17] [record audio with wave linux]
[12.05.2021-19:30:25] [record audio with python linux]
[12.05.2021-19:36:39] [record audio with python linux]
[12.05.2021-19:36:40] [record video with cv2 and save to file python linux]
[12.05.2021-19:36:42] [video playback too fast recording with python cv2]
[12.05.2021-19:44:42] [new tabv]
[12.05.2021-19:45:25] [new tabv]
[12.05.2021-19:48:20] [new tabv]
[12.05.2021-19:50:03] [wikipedia]
[12.05.2021-19:51:35] [wikipedia]
[12.05.2021-19:52:51] [python stuff]
[12.05.2021-19:53:21] [wikipedia]
[12.05.2021-19:54:47] [wikipedia]
[12.05.2021-20:18:33] [primeagean]
[12.05.2021-20:18:44] [what os does primeagen use]
[12.05.2021-20:18:55] [what os does engineerman  use]
[12.05.2021-20:19:05] [what os does engineerman use]
[12.05.2021-23:11:21] [REDDIT]
[12.05.2021-23:13:10] [TUI meaning]
[12.05.2021-23:13:17] [TUI meaning computer sciebnce]
[12.05.2021-23:16:48] [cool plugings for xfce4]
[12.05.2021-23:45:42] [arco linux terminal font]
[12.05.2021-23:50:06] [cpu percentage plugin xfce planel]
[12.05.2021-23:51:56] [make your own xfce panel plugin]
[13.05.2021-10:53:29] [make your own xfce panel plugin]
[13.05.2021-11:08:40] [make your own xfce panel plugin]
[13.05.2021-11:32:07] [atom insert double brackets only before whitespace]
[13.05.2021-11:33:28] [make your own xfce panel plugin]
[13.05.2021-11:33:28] [atom insert double brackets only before whitespace]
[13.05.2021-11:47:57] [why plain text is black on minimap atom]
[13.05.2021-13:00:10] [why plain text is black on minimap atom]
[13.05.2021-13:02:49] [why plain text is black on minimap atom]
[13.05.2021-13:05:52] [wikipedia]
[13.05.2021-13:11:00] [psensor where does it saves logs]
[13.05.2021-13:13:18] [gnome]
[13.05.2021-13:13:42] [gnome]
[13.05.2021-13:14:25] [gnome]
[13.05.2021-13:21:31] [get gnome]
[13.05.2021-13:24:04] [get gnome]
[13.05.2021-13:24:19] [google search icon']
[13.05.2021-13:25:49] [google search icon']
[13.05.2021-13:29:12] [get gnome-terminal default color palette]
[13.05.2021-13:32:35] [google search icon]
[13.05.2021-13:32:48] [google search results font]
[13.05.2021-13:32:58] [download google sans]
[13.05.2021-13:33:04] [download google sans]
[13.05.2021-13:33:36] [download google sans]
[13.05.2021-13:33:49] [download google sans font family]
[13.05.2021-13:46:18] [force mousepad to open always in viewer mode]
[13.05.2021-13:46:23] [force mousepad to open always in viewer mode xfce]
[13.05.2021-13:56:09] [google search icon]
[13.05.2021-13:56:28] [google search icon]
[13.05.2021-13:59:09] [google search icon]
[13.05.2021-14:00:38] [make your own xfce panel plugin]
[13.05.2021-14:00:38] [wikipedia]
[13.05.2021-14:00:42] [atom insert double brackets only before whitespace]
[13.05.2021-14:02:37] [asd]
[13.05.2021-14:03:37] [trying to do a google search]
[13.05.2021-14:05:08] [trying to do a google search]
[13.05.2021-14:10:07] [trying to do a google search]
[13.05.2021-14:14:46] [wapp web]
[13.05.2021-17:18:31] [install chrome in manjaro]
[13.05.2021-18:13:06] [change ranger colors]
[13.05.2021-18:19:21] [ranger show hidden files]
[13.05.2021-18:25:14] [disable all borders in manjaro xfce]
[13.05.2021-18:52:16] [disable all borders in manjaro xfce]
[13.05.2021-19:02:02] [alt tab is broken in manjaro]
[13.05.2021-19:02:08] [alt tab is broken in manjaro xfce]
[13.05.2021-19:20:38] [make atom to insert double brackets only before white space]
[13.05.2021-19:21:50] [stop atom to insert double brackets only before white space]
[13.05.2021-19:21:56] [stop atom to insert double brackets]
[13.05.2021-19:28:04] [improve manjaro 21 ornara xfce performance]
[13.05.2021-19:28:09] [improve manjaro 21 ornara xfce performance]
[13.05.2021-19:28:20] [improve manjaro xfce performance]
[13.05.2021-20:25:38] [alt tab is broken in manjaro xfce]
[13.05.2021-20:25:38] [stop atom to insert double brackets]
[13.05.2021-20:25:38] [improve manjaro xfce performance]
[13.05.2021-20:31:55] [how to open brave with GPU]
[13.05.2021-20:33:37] [how to open brave with GPU manjaro linux]
[13.05.2021-20:35:19] [how to open brave with GPU manjaro linux]
[13.05.2021-20:35:20] [improve manjaro xfce performance]
[13.05.2021-20:35:22] [stop atom to insert double brackets]
[13.05.2021-20:35:22] [alt tab is broken in manjaro xfce]
[13.05.2021-20:38:07] [does yt use vulkan']
[13.05.2021-20:38:13] [does youtube use vulkan library]
[13.05.2021-20:39:17] [how to open brave with GPU manjaro linux]
[13.05.2021-20:39:17] [improve manjaro xfce performance]
[13.05.2021-20:39:19] [stop atom to insert double brackets]
[13.05.2021-20:39:20] [alt tab is broken in manjaro xfce]
[13.05.2021-20:47:56] [check performance mode manjaro]
[13.05.2021-20:58:07] [how to open an app with GPU manjaro]
[13.05.2021-21:04:47] [asd asd]
[13.05.2021-21:17:54] [is video-hybrid-intel-nvidia-prime a good driver?]
[13.05.2021-21:26:25] [disable authetication for every app in manjaro linux]
[13.05.2021-21:30:31] [disable authetication for every app in manjaro linux]
[13.05.2021-21:36:39] [disable authetication for every app in manjaro linux]
[13.05.2021-21:42:36] [disable authetication for every app in manjaro linux]
[13.05.2021-21:43:49] [disable authentication xfce keyring manjaro]
[13.05.2021-21:46:35] [disable keyrings prompts manjaro]
[13.05.2021-22:04:49] [disable keyrings prompts manjaro]
[13.05.2021-22:07:34] [disable keyrings prompts manjaro]
[13.05.2021-22:12:09] [disable keyrings prompts manjaro]
[13.05.2021-22:16:02] [why yt video is white]
[13.05.2021-22:16:12] [why youtube video is white linux]
[14.05.2021-11:38:55] [dark side of manjaro]
[14.05.2021-11:40:46] [install neo vim manjaro xfce]
[14.05.2021-11:41:43] [install neovim from aur]
[14.05.2021-11:54:02] [setup neovim for python]
[14.05.2021-11:54:25] [install chrome in manjaro]
[14.05.2021-14:04:51] [make firefox extension using js]
[14.05.2021-14:05:07] [make firefox extension using js]
[14.05.2021-14:06:02] [hello from firefox]
[14.05.2021-14:06:58] [hello from firefox]
[14.05.2021-14:17:08] [where is vim plug installed neovim linux]
[14.05.2021-18:49:14] [warn before closing thunar xfce]
[14.05.2021-19:05:59] [bind a command to visual mode vim]
[14.05.2021-19:32:34] [assign autcompletion to tab nvim]
[14.05.2021-19:32:38] [assign coc autocomplete to tab vim]
[14.05.2021-19:38:27] [bind werase with control backspace in nvim]
[14.05.2021-19:49:36] [bind shift to enter visual mode vim]
[14.05.2021-19:53:19] [bind control c to yank vim]
[14.05.2021-22:17:37] [make atom text editor  font bold]
[14.05.2021-22:17:41] [make atom text editor font style bold]
[14.05.2021-22:37:49] [define snippets for python atom]
[14.05.2021-22:44:28] [change selection background color atom]
[14.05.2021-22:45:43] [change selection background color atom]
[14.05.2021-22:45:52] [make text selection color opposite]
[14.05.2021-22:45:55] [make text selection color opposite atmo]
[14.05.2021-22:48:19] [invert selection color atom]
[14.05.2021-22:50:18] [invert selected text color atom]
[15.05.2021-14:19:08] [override firefox keyboard shortcuts]
[15.05.2021-14:19:11] [override firefox keyboard shortcuts]
[15.05.2021-14:21:48] [override firefox keyboard shortcuts]
[15.05.2021-14:30:31] [salutaer - Căutare Google]
[15.05.2021-14:30:38] [asdasd asdasda sdasd - Căutare Google]
[15.05.2021-16:20:35] [salut numele meu este google]
[15.05.2021-21:27:34] [get only filename from path python pathlib]
[17.05.2021-12:18:43] [does keepass send data with passwords]
[17.05.2021-12:18:51] [keepass is safe]
[17.05.2021-12:19:18] [keepass is safe]
[17.05.2021-15:40:12] [manjaro download xfce]
[17.05.2021-16:00:39] [add entry from command-line to keepassxc]
[17.05.2021-16:54:35] [python colored_traceback select theme]
[17.05.2021-16:59:37] [set theme to colored traceback module python]
[17.05.2021-20:33:37] [bind shortcut to a tab firefox JS]
[17.05.2021-20:34:29] [make a tab active from js firefox]
[17.05.2021-20:36:08] [make a tab active from js firefox]
[17.05.2021-20:36:58] [make a tab active from js firefox]
[17.05.2021-20:37:37] [make a tab active from js firefox]
[17.05.2021-20:38:14] [make a tab active from js firefox]
[17.05.2021-20:40:47] [make a tab active from js]
[17.05.2021-20:44:10] [tabs api firefox]
[17.05.2021-20:44:39] [tabs api firefox]
[17.05.2021-21:01:35] [browser.tabs.query]
[17.05.2021-21:01:39] [browser.tabs.query doesnt get the tabs]
[17.05.2021-21:12:16] [browser.tabs.query doesnt get the tabs]
[17.05.2021-21:19:29] [intellij close active tab not working]
[17.05.2021-21:19:34] [close active tab javascript]
[17.05.2021-21:19:50] [close active tab javascript firefox]
[17.05.2021-21:28:40] [close active tab firefox tabs api]
[17.05.2021-22:02:22] [rc.conf ranger]
[17.05.2021-22:03:45] [rc.conf ranger location]
[17.05.2021-22:07:45] [image preview in ranger]
[17.05.2021-22:33:46] [setup color scheme to ranger]
[18.05.2021-12:03:57] [adjust arrow scroll speed in ranger]
[18.05.2021-12:04:06] [adjust arrow scroll speed in ranger linux]
[18.05.2021-12:42:52] [remove psexec manjaro]
[18.05.2021-12:43:33] [shift representation for keybindings vim]
[18.05.2021-12:45:17] [triple key binding vim]
[18.05.2021-13:38:01] [control brightness of built in display manjaro xfce]
[18.05.2021-14:30:27] [remove psexec manjaro]
[18.05.2021-14:30:55] [remove pkexec manjaro]
[18.05.2021-14:37:42] [adjust arrow scroll speed in vim]
[18.05.2021-14:38:54] [adjust keyboard scroll speed vim]
[18.05.2021-15:21:37] [bind a shortcut to a shortcut manjaro]
[18.05.2021-15:21:55] [run keyboard shortcut in bash]
[18.05.2021-15:26:28] [run keyboard shortcut in shell script]
[18.05.2021-15:26:31] [execute keyboard shortcut in shell script]
[18.05.2021-15:46:26] [bind control a [ to shortuct]
[18.05.2021-15:46:36] [bind control a [ to shortcut linux]
[18.05.2021-15:49:06] [what is ctrl+a+[]
[18.05.2021-15:49:09] [what is ctrl+a+[ linux]
[18.05.2021-15:49:15] [what is "ctrl+a+[" linux]
[18.05.2021-15:54:19] [run contro + a + bracket linux]
[18.05.2021-16:02:37] [how to make unicode of shorcuts]
[18.05.2021-16:02:45] [how to make unicode of keyboard shortcuts]
[18.05.2021-16:05:34] [how to run "C-a [" bash]
[18.05.2021-16:07:39] [keyboard shortcut to unicode converter]
[18.05.2021-16:08:24] [keyboard shortcut to unicode converter]
[18.05.2021-16:19:22] [nbfc aur]
[18.05.2021-16:53:53] [install icons for nerdtree vim]
[18.05.2021-17:08:52] [defocus nerdtree vim]
[18.05.2021-17:09:50] [focus vim editor command]
[18.05.2021-22:04:29] [make your own communications service python]
[19.05.2021-18:28:29] [linux kernel 5.10.36 release date]
[19.05.2021-18:28:40] [linux kernel version5.10.36-2 release date]
[19.05.2021-18:29:50] [linux kernel version5.10.36-2 release date]
[19.05.2021-18:29:51] [linux kernel 5.10.36 release date]
[19.05.2021-19:04:54] [sometimes manjaro doesn't boot but sometimes does]
[19.05.2021-20:45:31] [elysium]
[19.05.2021-20:46:15] [ring planet]
[19.05.2021-20:46:21] [ring planet concept]
[19.05.2021-21:23:56] [remap jump to a subhject]
[19.05.2021-21:38:26] [bind visual mode to shift key nvim]
[19.05.2021-21:52:28] [trigger visual mode vim from shortcuts]
[19.05.2021-21:52:30] [trigger visual mode vim from shortcut]
[20.05.2021-10:59:01] [trigger visual mode vim from shortcut]
[20.05.2021-11:49:42] [from here its not working]
[20.05.2021-11:50:14] [make vs code selection bacground inverted]
[20.05.2021-11:56:21] [invert selection color vscode]
[20.05.2021-11:56:48] [run javascript when text is selected vs code]
[20.05.2021-12:19:39] [bind command to text selection event in vs code]
[20.05.2021-13:12:48] [access html element in css by class]
[20.05.2021-13:15:59] [override vs code css]
[20.05.2021-13:23:20] [imgur]
[20.05.2021-15:16:27] [recommended zinc quantity per day]
[20.05.2021-15:16:49] [recommended zinc quantity per day miligrams]
[20.05.2021-15:30:35] [tqdm two progress bars]
[20.05.2021-15:53:52] [registratura ase]
[20.05.2021-15:53:58] [birou de registratura ase]
[20.05.2021-15:54:13] [registratura ase]
[20.05.2021-16:02:14] [tqdm two parallel progress bars]
[20.05.2021-16:35:38] [run js when text is selected atom]
[20.05.2021-16:36:25] [change cursor color atom]
[20.05.2021-17:43:55] [atom feature request]
[21.05.2021-10:44:48] [gnu founder]
[21.05.2021-12:24:13] [cum suni la un numar de centrala]
[21.05.2021-12:24:33] [contact ase]
[21.05.2021-12:26:48] [contact ase]
[21.05.2021-15:42:54] [change cursor size manjaro]
[21.05.2021-16:31:41] [mnemonics meaning vs code]
[21.05.2021-18:27:24] [arch linux server]
[22.05.2021-12:54:48] [multi cursor option keybinding vs code]
[24.05.2021-10:37:30] [fmi unibu]
[24.05.2021-12:32:43] [hearthstone new meta 3]
[24.05.2021-13:44:40] [call js file from button]
[24.05.2021-13:48:33] [call js from button]
[24.05.2021-14:14:45] [text is not a function js fetch api]
[24.05.2021-14:17:29] [find span in html text]
[24.05.2021-14:17:42] [find span in html]
[24.05.2021-14:47:07] [convert to int js]
[24.05.2021-15:16:25] [about hearthstone new meta 2021]
[24.05.2021-16:18:35] [make get request fetch api]
[24.05.2021-16:18:56] [make get request to php url]
[24.05.2021-16:19:00] [make get request to php url js]
[24.05.2021-16:19:07] [make get request to php url]
[24.05.2021-16:19:10] [make get request fetch api]
[24.05.2021-16:31:32] [promise state pending async await]
[24.05.2021-16:31:36] [promise state pending async await fetch function]
[24.05.2021-16:37:11] [fetch returns empty string]
[24.05.2021-16:47:13] [get non opaque resposne with no cors]
[24.05.2021-17:38:36] [the c]
[24.05.2021-17:38:43] [carmen plesa]
[24.05.2021-17:38:54] [carmen liliana webhelp]
[24.05.2021-17:39:54] [carmen liliana webhelp]
[24.05.2021-17:39:57] [carmen liliana webhelp]
[24.05.2021-17:40:07] [andrew alexandru]
[24.05.2021-18:04:41] [install vala panel in manjaro]
[24.05.2021-18:06:19] [setu pvala panel in manjaro]
[24.05.2021-18:06:59] [setu pvala panel in manjaro xfce]
[24.05.2021-21:25:10] [best conky themes 2021]
[24.05.2021-21:38:11] [best conky themes 2021]
[24.05.2021-21:38:55] [best conky configuration]
[24.05.2021-21:38:58] [best conky configurations]
[24.05.2021-21:39:28] [best conky configurations]
[25.05.2021-16:08:23] [what is a work permit]
[25.05.2021-16:37:05] [alexander.tech]
[25.05.2021-17:36:25] [insert hyperlink in canva pdf]
[25.05.2021-18:25:13] [google coding competitions calendar]
[25.05.2021-18:25:25] [google coding competitions]
[25.05.2021-18:25:31] [google coding competitions]
[25.05.2021-18:28:45] [is romania clément mihailescu]
[25.05.2021-21:20:23] [atom tab autocomplete]
[25.05.2021-21:20:25] [atom tag autocomplete]
[25.05.2021-21:23:24] [atom tag autocomplete]
[25.05.2021-21:36:27] [email icon]
[25.05.2021-21:37:22] [make nav bar items inline list]
[26.05.2021-12:14:50] [pkexec download]
[26.05.2021-12:15:10] [pkexec manjaro]
[26.05.2021-12:15:25] [turn off firewall manjaro from command-line]
[26.05.2021-15:20:06] [run function when interrupt is called bash]
[26.05.2021-16:55:38] [detect window resize css]
[26.05.2021-17:08:00] [javascript language server atom]
[26.05.2021-17:08:12] [javascript language server atom]
[26.05.2021-18:51:09] [instagram color palette hex]
[26.05.2021-19:47:45] [setup scanner printer for manjaro]
[26.05.2021-19:47:59] [scan documents manjaro]
[26.05.2021-20:06:24] [create new repo github api]
[26.05.2021-20:07:35] [github api python library]
[26.05.2021-21:18:13] [setup github access token for your script]
[26.05.2021-21:30:20] [create github oauth token]
[26.05.2021-21:53:50] [remove repo from cli]
[26.05.2021-21:54:55] [bootstrap studio for linux]
[26.05.2021-22:23:49] [remove repo from github using local cli]
[26.05.2021-22:28:34] [delete repo remote delete request cli]
[26.05.2021-22:28:37] [delete repo remote delete request curl]
[27.05.2021-11:36:24] [see journalctl logs with colors, manjaro]
[27.05.2021-11:38:50] [log watch manjaro]
[27.05.2021-11:43:01] [send notifications with logs manjaro]
[27.05.2021-11:54:29] [logout/shutdown/restart options manjaro app name]
[27.05.2021-12:00:29] [oblogout]
[27.05.2021-12:00:53] [menu when alt+f4 on desktop manjaro]
[27.05.2021-12:01:08] [tty4]
[27.05.2021-12:02:43] [alt+f4 on desktop manjaro]
[27.05.2021-12:02:57] [alt+f4 its logging me out manjaro]
[29.05.2021-12:30:56] [ce contin maslinele]
[29.05.2021-12:40:24] [ce lamaile]
[29.05.2021-12:40:30] [ce contin lamaile]
[01.06.2021-12:51:39] [is qbittorrent-nox saef]
[02.06.2021-19:54:28] [cut -f1]
[02.06.2021-19:54:31] [cut -f1 linux]
[04.06.2021-12:18:41] [cut -f1 linux]
[04.06.2021-12:28:14] [change cursor from command-line bash]
[04.06.2021-12:56:29] [control backspace word erase nvim]
[04.06.2021-13:02:56] [control backspace word erase next work vim]
[04.06.2021-13:03:01] [control backspace to erase next work vim]
[04.06.2021-13:03:27] [friend of control w vim]
[04.06.2021-13:03:40] [delete options vim]
[04.06.2021-13:03:51] [delete manipulations vim]
[04.06.2021-13:21:35] [map ctrl + backspace to delete word vim]
[04.06.2021-13:26:54] [bind key in insert mode by force vim]
[04.06.2021-13:34:10] [vim remap ctrl-o]
[04.06.2021-19:59:30] [make vim like vs code]
[04.06.2021-21:11:33] [copy selected text in visual mode vim]
[04.06.2021-21:22:08] [domain.com]
[05.06.2021-12:04:43] [make vim like vs code]
[05.06.2021-12:05:04] [copy selected text in visual mode vim]
[05.06.2021-12:29:18] [Lenovo IdeaPad 720S 13IKB]
[05.06.2021-14:21:46] [github]
[05.06.2021-14:37:45] [plugclean install vim]
[05.06.2021-14:37:57] [install plugclea vim]
[05.06.2021-14:37:59] [install plugclean vim]
[05.06.2021-16:11:49] [vi release date]
[05.06.2021-16:11:55] [vi editor release date]
[05.06.2021-16:12:23] [vi language used]
[05.06.2021-16:12:29] [vi editor language used]
[05.06.2021-16:12:48] [vi editor source code]
[05.06.2021-16:15:42] [vi editor what language was used for creation]
[05.06.2021-16:15:56] [vi was written in]
[05.06.2021-16:16:22] [vi editor what language was used for creation]
[05.06.2021-16:16:23] [vi editor source code]
[05.06.2021-16:16:23] [vi editor language used]
[05.06.2021-16:16:24] [vi language used]
[05.06.2021-16:16:25] [vi editor release date]
[05.06.2021-16:25:38] [middle splitted keyboard]
[05.06.2021-16:25:52] [primeagen's keyboard]
[05.06.2021-16:39:34] [kinesis keyboard]
[05.06.2021-16:47:21] [find classes and functions in file vim]
[05.06.2021-16:52:09] [vim outline view]
[05.06.2021-19:16:37] [vim yank current line]
[05.06.2021-19:26:47] [override paste command with ctrl+v vim]
[05.06.2021-19:50:06] [live server for vim]
[07.06.2021-11:33:01] [unmap something vim]
[07.06.2021-11:55:26] [map shortcut for shift colon mode vim]
[07.06.2021-12:27:29] [huge python code github]
[07.06.2021-14:53:38] [call a plugin command inside if vim]
[07.06.2021-14:55:04] [set hidden a specific function vim]
[07.06.2021-15:15:36] [is stick fight the game for linux]
[07.06.2021-15:54:49] [how to find steam id of someone]
[07.06.2021-16:06:12] [select with visual mode word under cursor vim]
[07.06.2021-17:31:12] [edit vim normal mode cursor]
[07.06.2021-17:47:00] [make vim normal mode cursor transparent]
[07.06.2021-18:26:51] [go back go forward vim]
[07.06.2021-19:14:31] [hightlight the current word under cursor vim]
[07.06.2021-19:18:40] [visually select the word under cursor vim]
[07.06.2021-19:26:15] [change match colors vim]
[07.06.2021-19:27:32] [ctermfg colors not working]
[07.06.2021-19:28:46] [change match colors vim]
[07.06.2021-20:01:00] [space command vim]
[07.06.2021-20:16:38] [vim plugin to underline hyperlinks]
[07.06.2021-20:25:54] [highlighting url vim]
[07.06.2021-22:09:56] [nerdtree not rendering unicode]
[08.06.2021-10:34:35] [nerdtree github]
[08.06.2021-10:47:02] [write a function and run in command-line mode vim]
[08.06.2021-10:48:11] [autogroup vim]
[08.06.2021-10:50:23] [run your function as command vim]
[08.06.2021-12:09:53] [install gruvbox material vim]
[08.06.2021-12:12:40] [highlight green text vim]
[08.06.2021-12:12:49] [echohl help vim]
[08.06.2021-12:12:55] [echohl color codes vim]
[08.06.2021-13:05:22] [how to scroll faster with arrow keys]
[08.06.2021-13:05:26] [how to scroll faster with arrow keys linux]
[08.06.2021-13:05:44] [how to increase arrow scroll speed]
[08.06.2021-13:06:10] [how to increase the scroll speed of the up and down arrows]
[08.06.2021-13:07:17] [how to increase the scroll speed of the up and down arrows linux]
[08.06.2021-13:08:46] [super user]
[08.06.2021-13:16:18] [how to increase the scroll speed of the up and down arrows linux]
[08.06.2021-13:16:29] [adjust arrow scroll speed in manjaro]
[08.06.2021-13:25:23] [reddit down]
[08.06.2021-13:33:07] [stackoverflow down]
[08.06.2021-13:34:57] [is stackoverflow down right now]
[08.06.2021-14:25:23] [lana del rey]
[08.06.2021-14:25:26] [lana del rey]
[08.06.2021-14:25:47] [lana del rey]
[08.06.2021-14:26:05] [lana del rey]
[08.06.2021-14:26:12] [lana del rey best songs]
[08.06.2021-15:20:02] [alacritty terminal line spacing]
[08.06.2021-15:37:40] [make alacritty terminal font bold]
[08.06.2021-16:21:52] [make coc case insensitive vim]
[08.06.2021-22:09:47] [detect url vim]
[08.06.2021-22:10:50] [detect regex url vim]
[08.06.2021-22:12:42] [match hyperlink vim]
[08.06.2021-22:21:48] [change color and underline text in vim]
[08.06.2021-22:28:44] [preview modification of F2 vim']
[08.06.2021-22:29:25] [preview of rename vim]
[08.06.2021-22:35:20] [preview coc-rename vim]
[08.06.2021-22:44:57] [find elements in file vim]
[08.06.2021-22:45:07] [find tags in file vim]
[08.06.2021-22:49:05] [find element from tags in vim]
[08.06.2021-22:51:42] [search for a tag vim]
[08.06.2021-22:51:50] [search for a tag by name vim]
[08.06.2021-23:01:26] [search for a tag tagbar vim]
[08.06.2021-23:04:43] [search find and jump to tags vim]
[09.06.2021-13:47:49] [close current tab tabs airline]
[09.06.2021-14:20:19] [detect what buffer is your current buffer vim]
[09.06.2021-14:51:16] [execute letters vim]
[09.06.2021-14:53:27] [execute normal vim doesnt work]
[09.06.2021-14:55:17] [inline if vimrc]
[09.06.2021-14:57:58] [execute letters vim]
[09.06.2021-14:58:06] [how to execute normal vim\]
[09.06.2021-15:08:39] [map a key for nothing alacritty]
[09.06.2021-15:14:40] [alacritty yml]
[09.06.2021-15:39:52] [fedora]
[09.06.2021-17:10:17] [write a function with lowercase letter vim]
[09.06.2021-17:43:18] [vi stackexchange]
[09.06.2021-19:16:48] [Argument required: normal ^I vim]
[09.06.2021-19:45:59] [map control F1 vim]
[09.06.2021-19:58:44] [run commands separate with OR vim]
[09.06.2021-20:15:46] [find contents in files vim]
[09.06.2021-20:15:48] [find content in files vim]
[09.06.2021-20:58:32] [fzf how to find in files]
[09.06.2021-21:26:49] [select word under cursor vim]
[09.06.2021-21:34:22] [fzf how to find content in files]
[09.06.2021-21:45:05] [fzf how to find content in files]
[10.06.2021-10:14:07] [vim %f]
[10.06.2021-10:14:25] [get content under cursor vim]
[10.06.2021-12:17:45] [quotes disappear in json vim]
[10.06.2021-14:48:57] [facebok]
[10.06.2021-17:27:14] [xterm config file]
[10.06.2021-20:53:35] [vim tabs with close button]
[10.06.2021-20:53:38] [neovim tabs with close button]
[10.06.2021-21:15:33] [manjaro with xmonad xfce]
[11.06.2021-09:31:14] [ranger reveal file in explorer]
[11.06.2021-09:31:46] [open folder ranger]
[11.06.2021-11:00:11] [install neovim 0.5 arch linux]
[11.06.2021-11:39:17] [force vim to open vertical split to right]
[11.06.2021-11:42:14] [splitright doesnt work]
[11.06.2021-11:42:24] [split right doesn't work vim]
[11.06.2021-11:43:28] [put current buffer to the right vim]
[11.06.2021-12:07:03] [anime girl background]
[11.06.2021-12:07:21] [anime girl background]
[11.06.2021-12:33:41] [dnf install nvim 0.5]
[11.06.2021-12:35:16] [set background image to alacritty]
[11.06.2021-12:37:23] [xmonad]
[11.06.2021-13:57:05] [visual wrap text before column vim]
[11.06.2021-14:16:08] [autosuggestion in alacritty]
[11.06.2021-14:16:43] [bash auto suggestion in alacritty]
[11.06.2021-14:18:15] [bash auto suggestion]
[11.06.2021-14:32:18] [zsh insane configuration]
[11.06.2021-14:43:52] [drawing websites]
[11.06.2021-15:49:11] [zsh bindkey with command]
[11.06.2021-15:55:44] [f5 ansi escape code]
[11.06.2021-16:31:02] [oh m zsh powerline]
[11.06.2021-17:08:04] [delete everything zsh prompt]
[11.06.2021-17:10:47] [kill entire line zsh]
[11.06.2021-17:12:11] [bind key to another key zhell]
[11.06.2021-17:12:23] [bind key to another key zsh]
[11.06.2021-18:33:23] [xterm colors 256 list]
[11.06.2021-18:38:38] [sketch io]
[11.06.2021-18:38:48] [sketch io]
[11.06.2021-18:38:57] [best drawing websites]
[11.06.2021-18:44:49] [colored string representation]
[11.06.2021-18:44:57] [colored string representation]
[11.06.2021-18:58:45] [primeagen]
[11.06.2021-19:15:17] [matrix]
[11.06.2021-19:15:28] [matrix zoom on characters]
[11.06.2021-19:29:00] [doge]
[11.06.2021-20:38:50] [doge]
[11.06.2021-20:57:46] [branch emojis]
[11.06.2021-20:58:11] [tree branch emojis]
[11.06.2021-21:51:01] [fzy show hidden folders]
[12.06.2021-09:37:14] [escape code for control shift H]
[12.06.2021-09:42:39] [zsh plugin to open URLS]
[12.06.2021-09:55:14] [zsh plugin to open URLS in terminal]
[12.06.2021-09:55:33] [paste url in zsh and opens in browser]
[12.06.2021-11:22:54] [consilier juridic]
[12.06.2021-11:29:51] [consilier juridic definitie]
[12.06.2021-12:52:51] [unicode chars arrows]
[12.06.2021-14:04:21] [html tags autocomplete after pressing tab vim]
[12.06.2021-15:59:18] [change theme of coc autocomplete vim]
[12.06.2021-16:27:49] [tell coc not to load an extension]
[12.06.2021-16:36:05] [disable coc extension]
[12.06.2021-16:36:11] [disable coc extension vim]
[12.06.2021-17:14:03] [html tags]
[12.06.2021-17:14:15] [html tags]
[12.06.2021-17:47:20] [signal app for linux]
[12.06.2021-18:01:17] [ijvm]
[12.06.2021-18:02:45] [brainfuck]
[12.06.2021-18:32:18] [zsh popup inside vim]
[12.06.2021-19:12:06] [gugustiuc]
[12.06.2021-20:44:22] [symbols outline]
[12.06.2021-20:44:25] [symbols outline vim]
[12.06.2021-20:47:06] [configure vim lsp client for symbols outline]
[12.06.2021-20:53:47] [symbols outline vim]
[15.06.2021-11:15:49] [generate more tabs tmux]
[15.06.2021-11:18:49] [unraid]
[15.06.2021-11:19:00] [unraid]
[15.06.2021-11:28:47] [bind keybinding to another keybinding tmux]
[15.06.2021-11:37:40] [colors the tabs when focused tmux]
[15.06.2021-11:44:17] [rename current tab tmux]
[15.06.2021-12:35:48] [change session name tmux]
[15.06.2021-13:17:06] [bind key to another key tmux]
[15.06.2021-14:13:55] [fix indentation of new line in vim]
[15.06.2021-15:07:20] [map control enter vim]
[15.06.2021-17:26:33] [move selected block down vim]
[15.06.2021-17:53:44] [coc functions nvim]
[15.06.2021-18:45:49] [groupama departament it]
[15.06.2021-20:52:59] [grupama]
[15.06.2021-21:23:50] [make vi ranger faster]
[15.06.2021-21:24:05] [make ranger software faster]
[15.06.2021-21:24:15] [make arch ranger faster]
[15.06.2021-21:42:13] [trigger function after 2 seconds of cursor hold vim]
[15.06.2021-21:42:56] [call function on cursor hold event vmi]
[15.06.2021-21:42:59] [call function on cursor hold event vim]
[15.06.2021-21:43:38] [call function on CursorHold  vim]
[15.06.2021-21:56:54] [mouse hover vim]
[15.06.2021-21:57:34] [mouse hold vim]
[16.06.2021-14:23:42] [have multiple updatetime vim]
[16.06.2021-14:27:36] [multiple updatetime vim]
[16.06.2021-14:33:36] [format code on save vim]
[16.06.2021-15:35:09] [check if library was imported C++]
[16.06.2021-15:35:18] [if module is imported c++]
[16.06.2021-15:35:53] [check if vector is imported c++]
[16.06.2021-15:36:02] [check if iostream is imported c++]
[16.06.2021-15:36:31] [check if header is imported C++]
[16.06.2021-16:32:32] [manually highlight text vim]
[16.06.2021-17:28:37] [match multiple elements at the same time vim]
[16.06.2021-18:49:16] [nano tech]
[16.06.2021-19:35:34] [arch linux am hour format digital clock]
[16.06.2021-20:11:36] [sophia]
[16.06.2021-20:17:17] [sophia]
[16.06.2021-20:17:19] [sophia]
[16.06.2021-20:17:52] [sophia]
[17.06.2021-11:49:24] [trap command on enter bash]
[17.06.2021-11:49:30] [trap command on return bash]
[17.06.2021-11:49:39] [trap command on prompt_command zsh]
[17.06.2021-11:59:08] [get current command zsh]
[17.06.2021-12:03:31] [get last entered command zsh]
[17.06.2021-12:11:12] [animated bee movie]
[17.06.2021-12:11:32] [animated bee movie]
[17.06.2021-12:11:36] [animated bee movie]
[17.06.2021-16:41:12] [get output of command in zsh]
[17.06.2021-16:42:36] [send args to command zsh]
[17.06.2021-17:44:36] [edit airline status line]
[17.06.2021-18:49:20] [airline vim]
[17.06.2021-19:14:01] [tabs plugin vim]
[17.06.2021-19:21:09] [best tabs plugin vim]
[17.06.2021-19:24:26] [barbar vim]
[18.06.2021-13:29:13] [disable scrolloff vim]
[18.06.2021-14:01:03] [brackets pair colorizer vim]
[18.06.2021-14:57:23] [make zsh settings globally vim]
[18.06.2021-14:57:29] [make zsh settings globally]
[19.06.2021-13:23:49] [jon skywalker]
[19.06.2021-14:02:22] [dragon wallpaper]
[19.06.2021-14:13:11] [peace dragon wallpaper]
[19.06.2021-14:15:18] [magic dragon]
[19.06.2021-14:15:24] [magic dragon movie]
[19.06.2021-14:15:32] [magic dragon movie]
[19.06.2021-14:15:43] [pink dragon movie]
[19.06.2021-14:15:48] [pink dragon movie]
[19.06.2021-14:16:14] [wish dragon]
[19.06.2021-14:16:45] [peace dragon wallpaper]
[19.06.2021-16:07:22] [giveaway bot github]
[19.06.2021-16:07:56] [2021 available giveaways]
[19.06.2021-16:08:41] [Sony ZV-1 | Vlogger Camera Giveaway - Hackard Law]
[19.06.2021-16:08:42] [Sony ZV-1 | Vlogger Camera Giveaway - Hackard Law]
[19.06.2021-16:26:40] [loto 6/49]
[19.06.2021-16:28:24] [17 iunie 2021 6/49 castig]
[19.06.2021-16:33:23] [ce faci dupa ce castigi la loto]
[19.06.2021-18:09:27] [cholocate cake michaiel]
[21.06.2021-16:15:25] [command-line navigation vim]
[21.06.2021-16:18:21] [commands list vim navigation with arrows]
[21.06.2021-16:18:36] [command-line list plugin vim]
[21.06.2021-16:18:53] [command line mode vim navigate with arrows]
[21.06.2021-16:26:33] [better command line menu vim]
[21.06.2021-16:30:47] [command mode menu vim]
[21.06.2021-16:42:28] [check current buffer file type vim]
[21.06.2021-20:48:18] [dunst linux]
[23.06.2021-11:30:06] [keybindings for insert visual mode vim]
[23.06.2021-11:41:14] [keybindings for insert visual mode vim]
[23.06.2021-13:05:23] [digital world icon]
[23.06.2021-15:06:07] [qt designer app for manjaro]
[23.06.2021-15:06:51] [qt creator manjaro]
[23.06.2021-15:06:58] [qt creator manjaro]
[23.06.2021-16:51:14] [ce contin visinele]
[23.06.2021-16:52:04] [ce contin ciresele]
[23.06.2021-16:52:45] [ce contin guliile]
[23.06.2021-17:20:52] [setup vim for assembly]
[23.06.2021-17:21:02] [setup vim for assembly]
[23.06.2021-19:21:55] [is cd an alias bash]
[23.06.2021-19:45:48] [one dark color palette]
[23.06.2021-19:45:54] [one dark color palette]
[23.06.2021-19:46:06] [one dark color palette]
[24.06.2021-10:38:26] [home and end keys not working tmux]
[24.06.2021-11:39:43] [typing io]
[24.06.2021-13:35:46] [git push all submodules to github]
[26.06.2021-08:53:07] [hearing random sounds on pc linux]
[26.06.2021-08:53:58] [hearing random sounds on pc linux no applications]
[26.06.2021-12:36:24] [yank line with newline vim]
[26.06.2021-14:15:54] [make a href wider as page width]
[26.06.2021-15:06:08] [create invite link discord for add friend]
[26.06.2021-15:06:43] [discord online profile url]
[26.06.2021-18:13:52] [senya]
[26.06.2021-18:13:56] [senya roxana]
[26.06.2021-18:14:06] [senya roxana pecican]
[26.06.2021-19:13:30] [visual multi mappings]
[26.06.2021-19:25:07] [edit airline statusline vim]
[26.06.2021-19:36:48] [get current line number vim string formatting]
[26.06.2021-19:36:59] [status line formatting vim]
[26.06.2021-19:40:49] [get total lines of current file vim status line]
[26.06.2021-19:42:17] [flags for status line vim]
[26.06.2021-20:23:37] [get file encoding vim statusline]
[26.06.2021-21:16:25] [vim-fugitive settings vim]
[26.06.2021-21:29:57] [disable modifed file color airline tabline]
[26.06.2021-21:41:12] [disable + sign tabline vim]
[26.06.2021-21:41:24] [disable modified plus sign airline]
[26.06.2021-21:41:27] [disable modified plus sign airline vim]
[27.06.2021-17:13:57] [disable modifed file color airline tabline]
[27.06.2021-18:22:03] [tabline vim]
[27.06.2021-18:58:55] [barbar vim]
[27.06.2021-19:23:38] [show hunks in lightline vim]
[27.06.2021-20:48:16] [select all occurrences vim]
[28.06.2021-09:34:20] [change default terminal manjaro xfce]
[28.06.2021-09:34:47] [change default terminal manjaro xfce]
[28.06.2021-12:40:04] [autocomplete html class inside css]
[28.06.2021-12:40:43] [autocomplete html class inside css vim]
[28.06.2021-13:58:59] [atom config path linux]
[28.06.2021-15:19:21] [i3 linux]
[28.06.2021-15:19:39] [i3 linux]
[28.06.2021-16:53:26] [source a vim file inside vimrc]
[28.06.2021-17:37:57] [get git info in your prompt zsh]
[28.06.2021-19:21:31] [can you put zsh config in ~/.config/zsh]
[28.06.2021-20:09:45] [heroku app ascii art]
[28.06.2021-20:21:59] [move zplug to another dir zsh]
[29.06.2021-11:25:20] [mihai viteazu bucuresti sector 2]
[29.06.2021-11:25:27] [Bulevardul Pache Protopopescu 62, București 021414]
[29.06.2021-11:25:46] [Bulevardul Pache Protopopescu 62, București 021414]
[29.06.2021-11:25:59] [colegiul national mihai viteazu bucuresti sector]
[29.06.2021-15:05:02] [version control system for hundreds of GB]
[29.06.2021-15:22:27] [autocomplete popup for zsh]
[29.06.2021-15:35:08] [league of legends eune]
[29.06.2021-16:14:53] [git aliases in gitconfig]
[29.06.2021-17:06:42] [what is midori manjaro']
[29.06.2021-17:07:02] [what is midori manjaro']
[29.06.2021-17:07:09] [what is midori manjaro']
[29.06.2021-17:44:04] [manjaro country of origin]
[29.06.2021-20:56:04] [manjaro developers]
[29.06.2021-21:26:15] [what vcs system to use for file system]
[30.06.2021-12:34:27] [neovim g command menu]
[30.06.2021-12:37:22] [can you connect re300 to access point]
[30.06.2021-16:39:48] [stow redirect location using conf file]
[30.06.2021-16:40:25] [stow to root folder]
[01.07.2021-10:23:11] [sfantul apostol matei]
[01.07.2021-12:16:21] [import nvim settings in sudo mode]
[01.07.2021-12:48:08] [access localhost FTP server from firefox]
[01.07.2021-12:59:44] [setup folder on ftp server manjaro]
[01.07.2021-13:45:47] [Error:	Could not read from transfer socket: ECONNRESET - Connection reset by peer]
[01.07.2021-13:46:07] [Error:	Could not read from transfer socket: ECONNRESET - Connection reset by peer  ftp linux]
[01.07.2021-14:14:10] [500 OOPS: cannot change directory: ftp: Login failed.]
[01.07.2021-14:14:14] [500 OOPS: cannot change directory: ftp: Login failed.]
[01.07.2021-14:20:05] [remove saved password thunar manjaro]
[01.07.2021-14:49:56] [500 OOPS: cannot change directory: ftp: Login failed. arch linux]
[01.07.2021-15:05:09] [modify user path ftp linux command line]
[01.07.2021-15:19:04] [remove user linux arch]
[01.07.2021-17:02:35] [firewall add ports ubuntu ftp]
[01.07.2021-17:07:06] [create ftp server linux]
[01.07.2021-17:48:57] [setup ftp server on android using termux]
[01.07.2021-17:59:19] [xterm colors 256 by name]
[01.07.2021-18:14:16] [change barbar tab color vim]
[01.07.2021-20:28:52] [eval vim string]
[01.07.2021-20:29:06] [eval vim string in string]
[01.07.2021-20:30:53] [format string vim]
[01.07.2021-20:31:06] [insert %F splitted in vim]
[01.07.2021-20:31:30] [split string in vim script and print in status line]
[01.07.2021-20:32:42] [format string in vim]
[01.07.2021-21:16:55] [ciws]
[01.07.2021-21:20:17] [bogey plane]
[02.07.2021-17:15:44] [git diff]
[02.07.2021-19:19:31] [ftp client mac]
[02.07.2021-19:55:56] [setup ftp server github]
[02.07.2021-19:56:08] [setup ftp server github alexzanderr]
[02.07.2021-21:14:57] [intepare]
[02.07.2021-21:15:01] [intepare google translate]
[02.07.2021-21:15:15] [sting sensation in feet and hands]
[03.07.2021-16:09:13] [setup nas server ubuntu samba]
[03.07.2021-19:33:35] [python blogs with newsletter]
[03.07.2021-19:40:57] [python blogs with newsletter]
[05.07.2021-12:21:19] [is click mlsend2 a scam]
[05.07.2021-12:45:33] [is mlsend2 a scam]
[05.07.2021-12:50:46] [virustotal]
[05.07.2021-14:21:13] [language of thailand]
[05.07.2021-14:21:18] [thai language]
[05.07.2021-14:33:43] [sfanta treime wallpaper]
[05.07.2021-14:33:56] [sfanta treime sfant rus]
[05.07.2021-14:34:05] [sfantul alexandru din svir]
[05.07.2021-14:36:26] [sfanta treime sfant rus]
[05.07.2021-15:12:58] [why arnold had heart surgery]
[05.07.2021-16:01:31] [tech articles]
[05.07.2021-16:01:46] [whitepapers]
[05.07.2021-16:01:52] [white papers bitcoin]
[05.07.2021-16:02:06] [bitcoin.com]
[05.07.2021-16:02:10] [bitcoin.org]
[05.07.2021-16:03:16] [technical white papers to read]
[05.07.2021-18:16:41] [split pwd]
[05.07.2021-18:16:45] [split pwd zsh]
[05.07.2021-18:19:01] [join list  zsh]
[05.07.2021-20:19:32] [groupama internship 2021]
[06.07.2021-12:08:53] [docker kill all containers]
[06.07.2021-15:26:55] [get hunks zsh vsc_info]
[06.07.2021-15:26:57] [get hunks zsh vcs_info]
[06.07.2021-15:33:01] [get all insertions in git zsh prompt]
[06.07.2021-15:34:01] [show insertions deletions git]
[06.07.2021-15:35:18] [get total number of insertions in git]
[06.07.2021-15:54:13] ["+yy vim not copying with newline]
[06.07.2021-15:54:28] [copy to clipboard a line with newline vim]
[06.07.2021-17:53:21] [how to run python code on cuda cores]
[06.07.2021-17:53:25] [how to run python code on cuda cores linux]
[06.07.2021-19:41:44] [setup vpn server ubuntu server]
[07.07.2021-11:06:12] [lp doesnt work linux]
[07.07.2021-11:10:05] [setup tlp arch linux]
[07.07.2021-11:10:07] [setup lp arch linux]
[07.07.2021-11:13:20] [image viewing with printing capabilities manjaro]
[07.07.2021-12:35:19] [deactivate virtual env python linux]
[07.07.2021-12:54:05] [venv deactivate does not work]
[07.07.2021-12:54:59] [pip installs module in venv with venv deactivate]
[07.07.2021-12:55:01] [pip installs module in venv with venv deactivated]
[07.07.2021-13:04:05] [venv became global]
[07.07.2021-13:43:33] [get system info like neofetch]
[07.07.2021-13:50:06] [get os from bash]
[07.07.2021-14:11:18] [put zsh config in root]
[07.07.2021-16:11:16] [ce contin curmalele]
[07.07.2021-16:49:43] [mulitple symlinks to same file]
[07.07.2021-19:42:26] [gnu stowing into root]
[08.07.2021-10:35:00] [sfanta treime wallpaper]
[08.07.2021-10:35:18] [sfanta treime alexandru]
[08.07.2021-10:36:43] [sfanta treime alexandru din svir]
[08.07.2021-10:37:34] [icoana sfanta treime alexandru din svir]
[08.07.2021-10:37:53] [icoana sfanta treime alexandru din svir]
[08.07.2021-10:40:11] [icoana sfanta treime alexandru din svir pictura]
[08.07.2021-10:43:04] [icoana cu sf ioan botezatorul]
[08.07.2021-10:44:47] [sfantul alexandru din svir]
[08.07.2021-10:46:09] [judecata de apoi]
[08.07.2021-10:51:22] [infrocosata judecata a mantuitorului]
[08.07.2021-10:51:24] [infricosata judecata a mantuitorului]
[08.07.2021-10:53:22] [venia a doua a lui iisus hristos]
[08.07.2021-10:54:48] [heaven judgement day]
[08.07.2021-11:14:44] [vodafone]
[08.07.2021-11:14:56] [vodafone internet fix contact]
[08.07.2021-11:26:15] [make xxh copy your current settings]
[08.07.2021-11:40:42] [split string by space zsh]
[08.07.2021-12:04:31] [whats via ferrata]
[08.07.2021-12:04:58] [whats via ferrata]
[08.07.2021-14:47:24] [see ssh connection in zshrc]
[08.07.2021-14:48:15] [set owner of directory linux]
[08.07.2021-16:09:37] [recursively hard link]
[08.07.2021-16:53:31] [failed to load module zsh]
[08.07.2021-17:21:28] [ssh_connection is empty in root mode]
[08.07.2021-17:29:12] [create a system wide environment variables linux]
[08.07.2021-17:51:14] [install svn for your file system]
[08.07.2021-17:52:36] [install svn version control system]
[08.07.2021-18:05:43] [svn: warning: W155007: '/home/alexzander/Alexzander__/svn_testing' is not a working copy]
[08.07.2021-18:09:24] [best vcs for file system]
[08.07.2021-18:11:09] [mercurial vcs]
[08.07.2021-18:12:46] [use mercurial]
[08.07.2021-18:18:18] [hg push to remote machine]
[09.07.2021-14:02:55] [stejarul din mamvri]
[09.07.2021-14:03:42] [sfanta treime si avraam]
[09.07.2021-14:03:47] [sfanta treime si avraam]
[09.07.2021-14:06:08] [sfanta treime si avraam]
[09.07.2021-14:45:01] [call someone from your computer arch linux]
[09.07.2021-14:46:56] [sip meaning in computers]
[09.07.2021-15:37:56] [check open ports arch linux and which process uses the port]
[09.07.2021-15:57:19] [best hypervisor for arch linux]
[09.07.2021-15:59:32] [vmware]
[09.07.2021-16:42:50] [setup virtualbox arch linux]
[09.07.2021-17:34:52] [change resolution kali linux virtualbox grub menu]
[09.07.2021-17:56:40] [analyze your network card using wireshark manjaro]
[09.07.2021-18:33:15] [how to enter vi mode tmux]
[09.07.2021-19:25:56] [home and end keys not working tmux]
[09.07.2021-19:51:48] [coc cancel autocomplete function]
[09.07.2021-19:59:36] [coc cancel pumvisible]
[09.07.2021-20:12:14] [exit vi mode tmux]
[09.07.2021-20:12:48] [map esc to exit vi mode tmux]
[09.07.2021-20:15:45] [remap keybinding tmux]
[10.07.2021-08:46:39] [este bine sa bei ceai verde in fiecare zi]
[10.07.2021-08:47:28] [green tea vs coffee]
[10.07.2021-09:56:01] [bac mate 2021 mate info subiect]
[10.07.2021-12:19:50] [check if substring in string zsh]
[10.07.2021-12:21:08] [check if string contains substring zsh]
[10.07.2021-12:35:09] [menlo bold download]
[10.07.2021-13:08:13] [tmux messes up vim colors]
[10.07.2021-13:29:12] [check if tmux has active sessions without being in a session]
[10.07.2021-14:55:17] [check if am attached to tmux session]
[10.07.2021-15:32:09] [tmux focus pane from conf]
[10.07.2021-15:34:17] [tmux focus pane from conf]
[10.07.2021-15:34:25] [tmux jump to pane by index]
[10.07.2021-15:52:36] [move pane to left tmux]
[10.07.2021-15:59:32] [swap pane and focus pane tmux]
[10.07.2021-16:57:50] [bind key to another key tmux]
[10.07.2021-16:58:53] [send-prefix tmux]
[10.07.2021-17:01:26] [move next session tmux]
[10.07.2021-17:37:44] [set folder to zsh-z]
[12.07.2021-13:19:39] [call a command using <plug> vim]
[12.07.2021-13:20:00] [how can i see all plug commands in vim]
[12.07.2021-13:21:09] [list all commands of a plugin]
[12.07.2021-13:22:05] [list all commands of a plugin vim]
[12.07.2021-16:23:04] [color code inspection plugin vim]
[12.07.2021-17:16:23] [vim session plugin]
[12.07.2021-17:16:43] [vim session plugin]
[12.07.2021-17:17:29] [vim workspaces]
[13.07.2021-12:38:10] [python pygments are ugly in terminal]
[13.07.2021-12:39:14] [python pygments]
[13.07.2021-12:39:19] [python pygments issues]
[13.07.2021-12:46:20] [python pygments change theme]
[13.07.2021-12:52:31] [edit ansi colors xterm]
[13.07.2021-12:52:36] [edit ansi colors TERM]
[13.07.2021-12:53:17] [check your ansi colors linux]
[13.07.2021-12:53:35] [ansi colors location linux]
[13.07.2021-12:55:37] [edit LS_COLORS]
[13.07.2021-12:57:23] [change LS_COLORS]
[13.07.2021-12:59:03] [python pygments not displaying properlty]
[13.07.2021-13:06:24] [specify which ansi codes pygmentize to use]
[13.07.2021-13:06:28] [specify which ansi codes pygmentize to use]
[13.07.2021-13:52:36] [barcelona city]
[13.07.2021-13:52:41] [barcelona city]
[13.07.2021-14:12:43] [gnome 40 on manjaro]
[13.07.2021-14:27:24] [exa ls]
[13.07.2021-14:48:16] [fat finger expression meaning]
[13.07.2021-14:56:06] [fzf print opened buffers]
[13.07.2021-17:42:52] [poligonul malina]
[14.07.2021-12:08:54] [z plugin for zsh]
[14.07.2021-13:22:23] [ethernet cable tester pcgarage]
[14.07.2021-13:22:46] [tester the cablu internet]
[14.07.2021-14:12:03] [ikea karlby desk]
[14.07.2021-14:12:09] [ikea karlby desk]
[14.07.2021-18:02:13] [save manjaro session like tmux sessions]
[14.07.2021-18:02:24] [manjaro sessions]
[14.07.2021-18:04:17] [manjaro xfce save current session]
[14.07.2021-18:06:43] [manjaro xfce save all programs and reopen after reboot]
[14.07.2021-18:07:07] [how to save xfce session]
[14.07.2021-18:10:10] [save all your running apps manjaro]
[15.07.2021-10:56:56] [vimux plugin]
[15.07.2021-11:33:56] [longest pipe uncide]
[15.07.2021-11:55:20] [yank text inside square brackets vim]
[15.07.2021-13:36:29] [Error detected while processing function VimuxRunCommand[2]..VimuxOpenRunner[1]. .<SNR>21_nearestIndex: line    6: E684: list index out of range: 1 E15: Invalid expression: split(view, ':')[1]]
[15.07.2021-13:36:45] [vimux error list index out of range: 1 E15: Invalid expression: split(view, ':')[1]]
[15.07.2021-13:38:15] [vimux error list index out of range]
[15.07.2021-13:38:24] [vimux vim error list index out of range]
[15.07.2021-13:39:06] [VimuxRunCommand not working]
[15.07.2021-14:29:33] [tmux copy mode change selection color]
[15.07.2021-15:00:45] [change ssh directory]
[15.07.2021-15:00:48] [change ssh directory lnux]
[15.07.2021-15:01:20] [change ssh config directory linux]
[15.07.2021-15:01:26] [change location of ssh config directory linux]
[15.07.2021-15:55:50] [ghq git]
[15.07.2021-16:00:47] [args docs prompt in zsh when tab]
[15.07.2021-16:02:24] [args docs prompt in zsh]
[15.07.2021-16:06:27] [fish shell parameter docs prompt]
[15.07.2021-19:19:51] [world of warcraft]
[15.07.2021-19:19:55] [world of warcraft versions]
[16.07.2021-13:42:44] [install maps for terraria linux]
[16.07.2021-14:10:43] [terraria purple character]
[16.07.2021-14:10:55] [terraria best armor]
[16.07.2021-14:11:09] [terraria limited edition armor]
[16.07.2021-14:11:13] [terraria limited edition armor]
[16.07.2021-14:11:31] [terraria limited edition armor]
[16.07.2021-14:11:34] [terraria download red's armor]
[16.07.2021-14:24:02] [steam linux disable animations]
[16.07.2021-16:42:04] [automatically resize windows manjaro]
[16.07.2021-16:42:50] [tile window using wmtrl]
[16.07.2021-16:48:41] [tile window to left of screen using wmctrl]
[16.07.2021-17:32:43] [wmctrl linux]
[16.07.2021-17:34:19] [local socket file linux]
[16.07.2021-17:36:50] [tile window to left of screen using wmctrl]
[16.07.2021-19:14:57] [interactive audio wizard arch linux]
[16.07.2021-19:18:51] [asterisk arch linux is safe]
[16.07.2021-19:19:03] [asterisk pamac build so much]
[16.07.2021-19:21:31] [callaudiod arch linux]
[16.07.2021-19:23:43] [make phone calls from arch linux]
[16.07.2021-19:35:54] [answer calls from your pc android linux]
[16.07.2021-19:50:28] [airdroid setup phone call to be transfered to PC]
[16.07.2021-19:52:56] [macarron food]
[16.07.2021-19:56:20] [manage phone calls from pc]
[16.07.2021-19:56:33] [manage phone calls from pc linux]
[16.07.2021-20:23:51] [hfstandalone arch linux]
[16.07.2021-20:28:00] [hfp for arch linux]
[16.07.2021-20:29:13] [connect your phone to your computer headphones linux]
[16.07.2021-20:39:05] [bluetooth connect your pc as you connected your headphones linux]
[16.07.2021-20:39:11] [connect your phone to your computer headphones linux]
[18.07.2021-19:30:34] [programming linux funny terms]
[18.07.2021-19:32:06] [funny tech expressions]
[18.07.2021-19:36:04] [best youtube channels names]
[18.07.2021-19:37:56] [tech terms]
[18.07.2021-19:41:38] [pscp specify private key]
[18.07.2021-19:54:44] [unable to initialise SFTP: could not connect pscp]
[18.07.2021-20:00:08] [how to use pscp linux]
[18.07.2021-20:19:03] [copying using putty is very slow]
[18.07.2021-21:42:27] [check if mercurial repo is clean]
[20.07.2021-11:36:20] [how to source a vim file by variable]
[20.07.2021-12:43:41] [cascada musical group]
[20.07.2021-12:43:53] [cascada musical group]
[20.07.2021-13:56:50] [specify config file to zsh in args]
[20.07.2021-14:09:45] [fzy zsh github]
[20.07.2021-16:09:05] [fzf preview change colorscheme]
[20.07.2021-16:30:51] [insta]
[20.07.2021-16:32:57] [lamborghini yacht]
[20.07.2021-16:34:54] [lamborghini yacht]
[20.07.2021-17:13:06] [cerebral edema]
[20.07.2021-17:23:26] [dollar and euro currency converter api]
[20.07.2021-20:03:26] [exclamation mark in mercurial repo status]
[20.07.2021-20:08:56] [mercurial push without ssh password]
[21.07.2021-14:26:03] [check if computer is active python]
[21.07.2021-17:53:31] [drawing apps for linux]
[21.07.2021-18:01:37] [why ip route was changed alnoe]
[21.07.2021-19:12:23] [git remote add origin with token]
[21.07.2021-19:13:01] [git remote add origin over ssh with personal token]
[21.07.2021-19:15:55] [how to push to github over ssh]
[21.07.2021-19:22:55] [push to github over ssh]
[21.07.2021-19:27:19] [push to github over ssh]
[21.07.2021-19:43:30] [change url to ssh git push]
[22.07.2021-10:34:32] [bmw seria 3 2015 price]
[22.07.2021-12:18:24] [6 wallpaper]
[22.07.2021-12:18:33] [6 wallpaper tech]
[22.07.2021-12:19:03] [tech wallpapers]
[22.07.2021-12:19:11] [linux wallpapers]
[22.07.2021-12:19:47] [servers wallpapers]
[22.07.2021-12:19:50] [servers wallpaper]
[22.07.2021-12:20:38] [autonomous wallpaper]
[22.07.2021-12:20:53] [tech automation wallpaper]
[22.07.2021-13:53:22] [barbar]
[22.07.2021-13:53:26] [barbar nvim]
[22.07.2021-14:23:10] [glow markdown enable scroll]
[22.07.2021-14:23:27] [glow cli enable scroll]
[22.07.2021-14:30:34] [vim markdown preview inside vim]
[22.07.2021-14:56:15] [alkaline baterie 9V]
[22.07.2021-21:27:41] [lexima vim overwrite rules]
[22.07.2021-21:41:08] [vim fzf change cursor]
[22.07.2021-21:44:25] [werase in fzf vim]
[22.07.2021-21:44:29] [word erase in fzf vim]
[23.07.2021-11:48:16] [symbols outline VIM]
[23.07.2021-11:56:02] [vim cursor ignore wrapped line]
[23.07.2021-12:28:34] [Jumping to last characte but not white space in actual line]
[23.07.2021-12:28:46] [Jumping to last characte but not white space in actual line vim]
[23.07.2021-12:56:11] [configure vim lsp for symbols outline]
[23.07.2021-13:10:27] [xmap vim]
